<?xml version="1.0" encoding="UTF-8"?>
<!-- Generated by org.testng.reporters.JUnitReportReporter -->
<testsuite hostname="LAPTOP-EFIT53MP" failures="0" tests="1" name="com.timeTracking.actime.Automation.module.TestCaseName" time="3.558" errors="0" timestamp="2022-10-20T14:48:57 IST" skipped="0">
  <testcase classname="com.timeTracking.actime.Automation.module.TestCaseName" name="testCaseName" time="3.558"/>
  <system-out/>
</testsuite> <!-- com.timeTracking.actime.Automation.module.TestCaseName -->
