<?xml version="1.0" encoding="UTF-8"?>
<!-- Generated by org.testng.reporters.JUnitReportReporter -->
<testsuite hostname="LAPTOP-EFIT53MP" failures="0" tests="1" name="com.timeTracking.actime.Automation.modulename.TestCaseName" time="3.737" errors="0" timestamp="2022-10-19T23:18:55 IST" skipped="0">
  <testcase classname="com.timeTracking.actime.Automation.modulename.TestCaseName" name="testcaseName" time="3.737"/>
  <system-out/>
</testsuite> <!-- com.timeTracking.actime.Automation.modulename.TestCaseName -->
