<?xml version="1.0" encoding="UTF-8"?>
<!-- Generated by org.testng.reporters.JUnitReportReporter -->
<testsuite hostname="LAPTOP-EFIT53MP" failures="0" tests="1" name="com.timeTracking.actime.Automation.module.ClassA" time="0.012" errors="0" timestamp="2022-10-20T15:18:51 IST" skipped="0">
  <testcase classname="com.timeTracking.actime.Automation.module.ClassA" name="demo1" time="0.012"/>
  <system-out/>
</testsuite> <!-- com.timeTracking.actime.Automation.module.ClassA -->
